<?xml version="1.0" encoding="UTF-8"?>
<!-- Generated by org.testng.reporters.JUnitXMLReporter -->
<testsuite ignored="11" hostname="namrata" failures="0" tests="1" name="Default test" time="23.876" errors="0" timestamp="2023-05-04T09:59:43 IST">
  <testcase classname="adminModule.UsermanagementPage" name="TC006" time="0.214"/>
  <testcase classname="adminModule.UsermanagementPage" name="TC008" time="0.0">
    <ignored/>
  </testcase> <!-- TC008 -->
  <testcase classname="adminModule.UsermanagementPage" name="TC009" time="0.0">
    <ignored/>
  </testcase> <!-- TC009 -->
  <testcase classname="adminModule.UsermanagementPage" name="userPage" time="0.0">
    <ignored/>
  </testcase> <!-- userPage -->
  <testcase classname="adminModule.UsermanagementPage" name="searchPage" time="0.0">
    <ignored/>
  </testcase> <!-- searchPage -->
  <testcase classname="adminModule.UsermanagementPage" name="TC010" time="0.0">
    <ignored/>
  </testcase> <!-- TC010 -->
  <testcase classname="adminModule.UsermanagementPage" name="TC011" time="0.0">
    <ignored/>
  </testcase> <!-- TC011 -->
  <testcase classname="adminModule.UsermanagementPage" name="TC012" time="0.0">
    <ignored/>
  </testcase> <!-- TC012 -->
  <testcase classname="adminModule.UsermanagementPage" name="TC013" time="0.0">
    <ignored/>
  </testcase> <!-- TC013 -->
  <testcase classname="adminModule.UsermanagementPage" name="searchbutton" time="0.0">
    <ignored/>
  </testcase> <!-- searchbutton -->
  <testcase classname="adminModule.UsermanagementPage" name="UMPage" time="0.0">
    <ignored/>
  </testcase> <!-- UMPage -->
  <testcase classname="adminModule.UsermanagementPage" name="TC007" time="0.0">
    <ignored/>
  </testcase> <!-- TC007 -->
</testsuite> <!-- Default test -->
